0 info it worked if it ends with ok
1 verbose cli [ 'node',
1 verbose cli   '/usr/local/bin/npm',
1 verbose cli   'install',
1 verbose cli   'angular-hackstack',
1 verbose cli   '--save' ]
2 info using npm@2.12.1
3 info using node@v0.12.7
4 verbose node symlink /usr/local/bin/node
5 verbose install initial load of /Users/mark/Documents/Development/wine/package.json
6 warn package.json winemakingapp@1.0.0 No repository field.
7 warn package.json winemakingapp@1.0.0 No license field.
8 verbose installManyTop reading scoped package data from /Users/mark/Documents/Development/wine/node_modules/angular-mocks/package.json
9 verbose installManyTop reading scoped package data from /Users/mark/Documents/Development/wine/node_modules/bower/package.json
10 verbose installManyTop reading scoped package data from /Users/mark/Documents/Development/wine/node_modules/gulp/package.json
11 verbose installManyTop reading scoped package data from /Users/mark/Documents/Development/wine/node_modules/gulp-concat/package.json
12 verbose installManyTop reading scoped package data from /Users/mark/Documents/Development/wine/node_modules/gulp-minify-css/package.json
13 verbose installManyTop reading scoped package data from /Users/mark/Documents/Development/wine/node_modules/gulp-rename/package.json
14 verbose installManyTop reading scoped package data from /Users/mark/Documents/Development/wine/node_modules/gulp-sass/package.json
15 verbose installManyTop reading scoped package data from /Users/mark/Documents/Development/wine/node_modules/gulp-util/package.json
16 verbose installManyTop reading scoped package data from /Users/mark/Documents/Development/wine/node_modules/jasmine-core/package.json
17 verbose installManyTop reading scoped package data from /Users/mark/Documents/Development/wine/node_modules/karma/package.json
18 verbose installManyTop reading scoped package data from /Users/mark/Documents/Development/wine/node_modules/karma-chrome-launcher/package.json
19 verbose installManyTop reading scoped package data from /Users/mark/Documents/Development/wine/node_modules/karma-jasmine/package.json
20 verbose installManyTop reading scoped package data from /Users/mark/Documents/Development/wine/node_modules/shelljs/package.json
21 info package.json bower@1.4.1 No license field.
22 info package.json gulp-minify-css@0.3.13 No license field.
23 info package.json gulp-util@2.2.20 No license field.
24 info package.json gulp-rename@1.2.2 No license field.
25 info package.json shelljs@0.3.0 license should be a valid SPDX license expression
26 verbose readDependencies loading dependencies from /Users/mark/Documents/Development/wine/package.json
27 silly cache add args [ 'angular-hackstack', null ]
28 verbose cache add spec angular-hackstack
29 silly cache add parsed spec { raw: 'angular-hackstack',
29 silly cache add   scope: null,
29 silly cache add   name: 'angular-hackstack',
29 silly cache add   rawSpec: '',
29 silly cache add   spec: '*',
29 silly cache add   type: 'range' }
30 silly addNamed angular-hackstack@*
31 verbose addNamed "*" is a valid semver range for angular-hackstack
32 silly addNameRange { name: 'angular-hackstack', range: '*', hasData: false }
33 silly mapToRegistry name angular-hackstack
34 silly mapToRegistry using default registry
35 silly mapToRegistry registry https://registry.npmjs.org/
36 silly mapToRegistry uri https://registry.npmjs.org/angular-hackstack
37 verbose addNameRange registry:https://registry.npmjs.org/angular-hackstack not in flight; fetching
38 verbose request uri https://registry.npmjs.org/angular-hackstack
39 verbose request no auth needed
40 info attempt registry request try #1 at 12:54:06
41 verbose request id 57681926ffa25eed
42 http request GET https://registry.npmjs.org/angular-hackstack
43 http 404 https://registry.npmjs.org/angular-hackstack
44 verbose headers { 'content-type': 'application/json',
44 verbose headers   'cache-control': 'max-age=0',
44 verbose headers   'content-length': '2',
44 verbose headers   'accept-ranges': 'bytes',
44 verbose headers   date: 'Fri, 11 Sep 2015 16:54:06 GMT',
44 verbose headers   via: '1.1 varnish',
44 verbose headers   age: '0',
44 verbose headers   connection: 'keep-alive',
44 verbose headers   'x-served-by': 'cache-atl6225-ATL',
44 verbose headers   'x-cache': 'MISS',
44 verbose headers   'x-cache-hits': '0',
44 verbose headers   'x-timer': 'S1441990446.578490,VS0,VE31' }
45 silly get cb [ 404,
45 silly get   { 'content-type': 'application/json',
45 silly get     'cache-control': 'max-age=0',
45 silly get     'content-length': '2',
45 silly get     'accept-ranges': 'bytes',
45 silly get     date: 'Fri, 11 Sep 2015 16:54:06 GMT',
45 silly get     via: '1.1 varnish',
45 silly get     age: '0',
45 silly get     connection: 'keep-alive',
45 silly get     'x-served-by': 'cache-atl6225-ATL',
45 silly get     'x-cache': 'MISS',
45 silly get     'x-cache-hits': '0',
45 silly get     'x-timer': 'S1441990446.578490,VS0,VE31' } ]
46 verbose stack Error: Registry returned 404 for GET on https://registry.npmjs.org/angular-hackstack
46 verbose stack     at CachingRegistryClient.<anonymous> (/usr/local/lib/node_modules/npm/node_modules/npm-registry-client/lib/request.js:239:14)
46 verbose stack     at Request._callback (/usr/local/lib/node_modules/npm/node_modules/npm-registry-client/lib/request.js:170:14)
46 verbose stack     at Request.self.callback (/usr/local/lib/node_modules/npm/node_modules/request/request.js:197:22)
46 verbose stack     at Request.emit (events.js:110:17)
46 verbose stack     at Request.<anonymous> (/usr/local/lib/node_modules/npm/node_modules/request/request.js:1050:14)
46 verbose stack     at Request.emit (events.js:129:20)
46 verbose stack     at IncomingMessage.<anonymous> (/usr/local/lib/node_modules/npm/node_modules/request/request.js:996:12)
46 verbose stack     at IncomingMessage.emit (events.js:129:20)
46 verbose stack     at _stream_readable.js:908:16
46 verbose stack     at process._tickCallback (node.js:355:11)
47 verbose statusCode 404
48 verbose pkgid angular-hackstack
49 verbose cwd /Users/mark/Documents/Development/wine
50 error Darwin 14.5.0
51 error argv "node" "/usr/local/bin/npm" "install" "angular-hackstack" "--save"
52 error node v0.12.7
53 error npm  v2.12.1
54 error code E404
55 error 404 Registry returned 404 for GET on https://registry.npmjs.org/angular-hackstack
55 error 404
55 error 404 'angular-hackstack' is not in the npm registry.
55 error 404 You should bug the author to publish it (or use the name yourself!)
55 error 404 It was specified as a dependency of 'winemakingapp'
55 error 404
55 error 404 Note that you can also install from a
55 error 404 tarball, folder, http url, or git url.
56 verbose exit [ 1, true ]
